<?xml version="1.0" encoding="UTF-8"?>
<!-- Generated by org.testng.reporters.JUnitXMLReporter -->
<testsuite hostname="Swathi" ignored="0" name="Test" tests="3" failures="0" timestamp="2020-06-24T15:52:25 IST" time="115.568" errors="0">
  <testcase name="myTest" time="47.818" classname="keyworddriven.KeywordDataDrivenFramework"/>
  <testcase name="ebayTest" time="36.326" classname="pomtests.DataDrivenProductCatSearch"/>
  <testcase name="ebayTest" time="31.233" classname="pomtests.DataDrivenProductCatSearch"/>
</testsuite> <!-- Test -->
