<?xml version="1.0" encoding="UTF-8"?>
<testng-results ignored="0" total="2" passed="2" failed="0" skipped="0">
  <reporter-output>
  </reporter-output>
  <suite started-at="2020-07-03T13:49:32 IST" name="Default suite" finished-at="2020-07-03T13:50:07 IST" duration-ms="34227">
    <groups>
    </groups>
    <test started-at="2020-07-03T13:49:32 IST" name="Default test" finished-at="2020-07-03T13:50:07 IST" duration-ms="34227">
      <class name="dropdown.Spiceject">
        <test-method signature="booking()[pri:49, instance:dropdown.Spiceject@11c9af63]" started-at="2020-07-03T13:49:33 IST" name="booking" finished-at="2020-07-03T13:50:06 IST" duration-ms="33469" status="PASS">
          <reporter-output>
          </reporter-output>
        </test-method> <!-- booking -->
        <test-method signature="datepicker()[pri:50, instance:dropdown.Spiceject@11c9af63]" started-at="2020-07-03T13:50:06 IST" name="datepicker" finished-at="2020-07-03T13:50:07 IST" duration-ms="571" status="PASS">
          <reporter-output>
          </reporter-output>
        </test-method> <!-- datepicker -->
      </class> <!-- dropdown.Spiceject -->
    </test> <!-- Default test -->
  </suite> <!-- Default suite -->
</testng-results>
