<?xml version="1.0" encoding="UTF-8"?>
<testng-results ignored="0" total="1" passed="1" failed="0" skipped="0">
  <reporter-output>
  </reporter-output>
  <suite started-at="2020-08-13T13:00:28 IST" name="Default suite" finished-at="2020-08-13T13:00:48 IST" duration-ms="19754">
    <groups>
    </groups>
    <test started-at="2020-08-13T13:00:28 IST" name="Default test" finished-at="2020-08-13T13:00:48 IST" duration-ms="19754">
      <class name="com.pack.Usingdatepicker">
        <test-method signature="method()[pri:0, instance:com.pack.Usingdatepicker@10aa41f2]" started-at="2020-08-13T13:00:28 IST" name="method" finished-at="2020-08-13T13:00:48 IST" duration-ms="19698" status="PASS">
          <reporter-output>
          </reporter-output>
        </test-method> <!-- method -->
      </class> <!-- com.pack.Usingdatepicker -->
    </test> <!-- Default test -->
  </suite> <!-- Default suite -->
</testng-results>
